<?xml version="1.0" encoding="UTF-8"?>
<!-- Generated by org.testng.reporters.JUnitReportReporter -->
<testsuite hostname="MUM-LAP-1174" failures="0" tests="7" name="testng.ThirdDemo" time="0.014" errors="0" timestamp="2023-12-25T12:06:32 IST" skipped="1">
  <testcase classname="testng.ThirdDemo" name="WebLoginCarLoan" time="0.001"/>
  <system-out/>
  <testcase classname="testng.ThirdDemo" name="printData" time="0.002"/>
  <system-out/>
  <testcase classname="testng.ThirdDemo" name="printData" time="0.003"/>
  <system-out/>
  <testcase classname="testng.ThirdDemo" name="MobileLoginCarLoanAA" time="0.001"/>
  <system-out/>
  <testcase classname="testng.ThirdDemo" name="LoginApiLoan" time="0.006"/>
  <system-out/>
  <testcase classname="testng.ThirdDemo" name="printData" time="0.001"/>
  <system-out/>
  <testcase classname="testng.ThirdDemo" name="MobileLoginCarLoan">
    <skipped/>
  </testcase> <!-- MobileLoginCarLoan -->
  <system-out/>
</testsuite> <!-- testng.ThirdDemo -->
