<?xml version="1.0" encoding="UTF-8"?>
<!-- Generated by org.testng.reporters.JUnitReportReporter -->
<testsuite hostname="MUM-LAP-1174" failures="0" tests="1" name="testng.SecondDemo" time="0.003" errors="0" timestamp="2023-12-25T12:06:32 IST" skipped="0">
  <testcase classname="testng.SecondDemo" name="TestM" time="0.003"/>
  <system-out/>
</testsuite> <!-- testng.SecondDemo -->
