<?xml version="1.0" encoding="UTF-8"?>
<!-- Generated by org.testng.reporters.JUnitReportReporter -->
<testsuite hostname="MUM-LAP-1174" failures="0" tests="1" name="testng.demo" time="0.007" errors="0" timestamp="2023-12-25T12:06:32 IST" skipped="0">
  <testcase classname="testng.demo" name="start" time="0.007"/>
  <system-out/>
</testsuite> <!-- testng.demo -->
