<?xml version="1.0" encoding="UTF-8"?>
<!-- Generated by org.testng.reporters.JUnitReportReporter -->
<testsuite hostname="MUM-LAP-1174" failures="0" tests="1" name="testngextenttutorial.ExtentTutorial.ExtentReportDemo" time="18.117" errors="0" timestamp="2023-12-26T20:30:33 IST" skipped="0">
  <testcase classname="testngextenttutorial.ExtentTutorial.ExtentReportDemo" name="initalizeDemo" time="18.117"/>
  <system-out/>
</testsuite> <!-- testngextenttutorial.ExtentTutorial.ExtentReportDemo -->
