<?xml version="1.0" encoding="UTF-8"?>
<!-- Generated by org.testng.reporters.JUnitReportReporter -->
<testsuite hostname="MUM-LAP-1174" failures="0" tests="3" name="TestngTutorial.SeleniumFrameworkDesign.StandaloneTest" time="44.976" errors="0" timestamp="2023-12-26T22:23:36 IST" skipped="0">
  <testcase classname="TestngTutorial.SeleniumFrameworkDesign.StandaloneTest" name="OrderHistoryTest" time="12.022"/>
  <system-out/>
  <testcase classname="TestngTutorial.SeleniumFrameworkDesign.StandaloneTest" name="submitOrder" time="13.987"/>
  <system-out/>
  <testcase classname="TestngTutorial.SeleniumFrameworkDesign.StandaloneTest" name="submitOrder" time="18.967"/>
  <system-out/>
</testsuite> <!-- TestngTutorial.SeleniumFrameworkDesign.StandaloneTest -->
