<?xml version="1.0" encoding="UTF-8"?>
<!-- Generated by org.testng.reporters.JUnitReportReporter -->
<testsuite hostname="MUM-LAP-1174" failures="0" tests="2" name="TestngTutorial.SeleniumFrameworkDesign.ErrorValidation" time="29.113" errors="0" timestamp="2023-12-26T22:23:36 IST" skipped="0">
  <testcase classname="TestngTutorial.SeleniumFrameworkDesign.ErrorValidation" name="ProductErrorValidation" time="19.897"/>
  <system-out/>
  <testcase classname="TestngTutorial.SeleniumFrameworkDesign.ErrorValidation" name="submitOrder" time="9.216"/>
  <system-out/>
</testsuite> <!-- TestngTutorial.SeleniumFrameworkDesign.ErrorValidation -->
